02-Jun-2016 11:39:00.461 INFO [main] org.apache.catalina.startup.VersionLoggerListener.log Server version:        Apache Tomcat/8.0.33
02-Jun-2016 11:39:00.462 INFO [main] org.apache.catalina.startup.VersionLoggerListener.log Server built:          Mar 18 2016 20:31:49 UTC
02-Jun-2016 11:39:00.463 INFO [main] org.apache.catalina.startup.VersionLoggerListener.log Server number:         8.0.33.0
02-Jun-2016 11:39:00.463 INFO [main] org.apache.catalina.startup.VersionLoggerListener.log OS Name:               Windows 7
02-Jun-2016 11:39:00.463 INFO [main] org.apache.catalina.startup.VersionLoggerListener.log OS Version:            6.1
02-Jun-2016 11:39:00.463 INFO [main] org.apache.catalina.startup.VersionLoggerListener.log Architecture:          amd64
02-Jun-2016 11:39:00.463 INFO [main] org.apache.catalina.startup.VersionLoggerListener.log Java Home:             C:\Program Files\Java\jdk1.7.0_60\jre
02-Jun-2016 11:39:00.464 INFO [main] org.apache.catalina.startup.VersionLoggerListener.log JVM Version:           1.7.0_60-b19
02-Jun-2016 11:39:00.464 INFO [main] org.apache.catalina.startup.VersionLoggerListener.log JVM Vendor:            Oracle Corporation
02-Jun-2016 11:39:00.464 INFO [main] org.apache.catalina.startup.VersionLoggerListener.log CATALINA_BASE:         D:\Sandbox\AirportStatus\localhost\apache-tomcat-8.0.33
02-Jun-2016 11:39:00.464 INFO [main] org.apache.catalina.startup.VersionLoggerListener.log CATALINA_HOME:         D:\Sandbox\AirportStatus\localhost\apache-tomcat-8.0.33
02-Jun-2016 11:39:00.465 INFO [main] org.apache.catalina.startup.VersionLoggerListener.log Command line argument: -Djava.util.logging.config.file=D:\Sandbox\AirportStatus\localhost\apache-tomcat-8.0.33\conf\logging.properties
02-Jun-2016 11:39:00.465 INFO [main] org.apache.catalina.startup.VersionLoggerListener.log Command line argument: -Djava.util.logging.manager=org.apache.juli.ClassLoaderLogManager
02-Jun-2016 11:39:00.465 INFO [main] org.apache.catalina.startup.VersionLoggerListener.log Command line argument: -Djava.endorsed.dirs=D:\Sandbox\AirportStatus\localhost\apache-tomcat-8.0.33\endorsed
02-Jun-2016 11:39:00.466 INFO [main] org.apache.catalina.startup.VersionLoggerListener.log Command line argument: -Dcatalina.base=D:\Sandbox\AirportStatus\localhost\apache-tomcat-8.0.33
02-Jun-2016 11:39:00.466 INFO [main] org.apache.catalina.startup.VersionLoggerListener.log Command line argument: -Dcatalina.home=D:\Sandbox\AirportStatus\localhost\apache-tomcat-8.0.33
02-Jun-2016 11:39:00.466 INFO [main] org.apache.catalina.startup.VersionLoggerListener.log Command line argument: -Djava.io.tmpdir=D:\Sandbox\AirportStatus\localhost\apache-tomcat-8.0.33\temp
02-Jun-2016 11:39:00.466 INFO [main] org.apache.catalina.core.AprLifecycleListener.lifecycleEvent The APR based Apache Tomcat Native library which allows optimal performance in production environments was not found on the java.library.path: C:\Program Files\Java\jdk1.7.0_60\bin;C:\Windows\Sun\Java\bin;C:\Windows\system32;C:\Windows;C:\disk_d\Workspace\BS4SVN-v.1.77.0\ant\bin;C:\Program Files (x86)\Intel\iCLS Client\;C:\Program Files\Intel\iCLS Client\;C:\Oracle11\product\11.2.0\client_1\bin;C:\Windows\system32;C:\Windows;C:\Windows\System32\Wbem;C:\Windows\System32\WindowsPowerShell\v1.0\;C:\Program Files\7-Zip;C:\Program Files (x86)\Kaspersky Lab\Kaspersky Endpoint Security 10 for Windows\;C:\Program Files\Intel\Intel(R) Management Engine Components\DAL;C:\Program Files (x86)\Intel\Intel(R) Management Engine Components\DAL;C:\Program Files\Intel\Intel(R) Management Engine Components\IPT;C:\Program Files (x86)\Intel\Intel(R) Management Engine Components\IPT;C:\Program Files\Java\jdk1.7.0_60\bin;C:\apache-maven-3.0.4\bin;C:\Program Files\TortoiseSVN\bin;C:\Workspace\BS4SVN\BS4SVN-v.1.33.0\ant\bin;C:\Program Files (x86)\IBM\Client Access\Emulator;C:\Program Files (x86)\IBM\Client Access\Shared;C:\Program Files (x86)\IBM\Client Access\;C:\Program Files (x86)\GnuWin32\bin;E:\Workspace\Console_Sandbox;C:\Program Files\Google\Cloud SDK\google-cloud-sdk\bin;C:\Users\alpu1014\Desktop\curl_743_0_ssl;C:\Program Files\Google\Cloud SDK\google-cloud-sdk\bin;C:\Program Files\Google\Cloud SDK\google-cloud-sdk.staging\bin;C:\Program Files (x86)\MySQL\MySQL Fabric 1.5.4 & MySQL Utilities 1.5.4 1.5\;C:\Program Files (x86)\MySQL\MySQL Fabric 1.5.4 & MySQL Utilities 1.5.4 1.5\Doctrine extensions for PHP\;E:\gwt-2.6.1;C:\disk_d\Workspace\BS4SVN-v.1.77.0\ant\bin;C:\Program Files (x86)\Skype\Phone\;C:\disk_d\Workspace\BS4SVN-v.1.75.0\ant;C:\Program Files (x86)\Sennheiser\SoftphoneSDK\;.
02-Jun-2016 11:39:00.640 INFO [main] org.apache.coyote.AbstractProtocol.init Initializing ProtocolHandler ["http-nio-8080"]
02-Jun-2016 11:39:00.677 INFO [main] org.apache.tomcat.util.net.NioSelectorPool.getSharedSelector Using a shared selector for servlet write/read
02-Jun-2016 11:39:00.687 INFO [main] org.apache.coyote.AbstractProtocol.init Initializing ProtocolHandler ["ajp-nio-8009"]
02-Jun-2016 11:39:00.692 INFO [main] org.apache.tomcat.util.net.NioSelectorPool.getSharedSelector Using a shared selector for servlet write/read
02-Jun-2016 11:39:00.693 INFO [main] org.apache.catalina.startup.Catalina.load Initialization processed in 695 ms
02-Jun-2016 11:39:00.727 INFO [main] org.apache.catalina.core.StandardService.startInternal Starting service Catalina
02-Jun-2016 11:39:00.728 INFO [main] org.apache.catalina.core.StandardEngine.startInternal Starting Servlet Engine: Apache Tomcat/8.0.33
02-Jun-2016 11:39:00.736 INFO [localhost-startStop-1] org.apache.catalina.startup.HostConfig.deployDirectory Deploying web application directory D:\Sandbox\AirportStatus\localhost\apache-tomcat-8.0.33\webapps\ROOT
02-Jun-2016 11:39:01.098 INFO [localhost-startStop-1] org.apache.catalina.startup.HostConfig.deployDirectory Deployment of web application directory D:\Sandbox\AirportStatus\localhost\apache-tomcat-8.0.33\webapps\ROOT has finished in 361 ms
02-Jun-2016 11:39:01.101 INFO [main] org.apache.coyote.AbstractProtocol.start Starting ProtocolHandler ["http-nio-8080"]
02-Jun-2016 11:39:01.110 INFO [main] org.apache.coyote.AbstractProtocol.start Starting ProtocolHandler ["ajp-nio-8009"]
02-Jun-2016 11:39:01.114 INFO [main] org.apache.catalina.startup.Catalina.start Server startup in 420 ms
