03-May-2016 06:12:00.099 INFO [main] org.apache.catalina.startup.VersionLoggerListener.log Server version:        Apache Tomcat/8.0.33
03-May-2016 06:12:00.101 INFO [main] org.apache.catalina.startup.VersionLoggerListener.log Server built:          Mar 18 2016 20:31:49 UTC
03-May-2016 06:12:00.102 INFO [main] org.apache.catalina.startup.VersionLoggerListener.log Server number:         8.0.33.0
03-May-2016 06:12:00.102 INFO [main] org.apache.catalina.startup.VersionLoggerListener.log OS Name:               Windows 7
03-May-2016 06:12:00.103 INFO [main] org.apache.catalina.startup.VersionLoggerListener.log OS Version:            6.1
03-May-2016 06:12:00.103 INFO [main] org.apache.catalina.startup.VersionLoggerListener.log Architecture:          amd64
03-May-2016 06:12:00.104 INFO [main] org.apache.catalina.startup.VersionLoggerListener.log Java Home:             C:\Program Files\Java\jdk1.7.0_60\jre
03-May-2016 06:12:00.104 INFO [main] org.apache.catalina.startup.VersionLoggerListener.log JVM Version:           1.7.0_60-b19
03-May-2016 06:12:00.104 INFO [main] org.apache.catalina.startup.VersionLoggerListener.log JVM Vendor:            Oracle Corporation
03-May-2016 06:12:00.105 INFO [main] org.apache.catalina.startup.VersionLoggerListener.log CATALINA_BASE:         D:\Sandbox\AirportStatus\localhost\apache-tomcat-8.0.33
03-May-2016 06:12:00.105 INFO [main] org.apache.catalina.startup.VersionLoggerListener.log CATALINA_HOME:         D:\Sandbox\AirportStatus\localhost\apache-tomcat-8.0.33
03-May-2016 06:12:00.106 INFO [main] org.apache.catalina.startup.VersionLoggerListener.log Command line argument: -Djava.util.logging.config.file=D:\Sandbox\AirportStatus\localhost\apache-tomcat-8.0.33\conf\logging.properties
03-May-2016 06:12:00.106 INFO [main] org.apache.catalina.startup.VersionLoggerListener.log Command line argument: -Djava.util.logging.manager=org.apache.juli.ClassLoaderLogManager
03-May-2016 06:12:00.107 INFO [main] org.apache.catalina.startup.VersionLoggerListener.log Command line argument: -Djava.endorsed.dirs=D:\Sandbox\AirportStatus\localhost\apache-tomcat-8.0.33\endorsed
03-May-2016 06:12:00.107 INFO [main] org.apache.catalina.startup.VersionLoggerListener.log Command line argument: -Dcatalina.base=D:\Sandbox\AirportStatus\localhost\apache-tomcat-8.0.33
03-May-2016 06:12:00.108 INFO [main] org.apache.catalina.startup.VersionLoggerListener.log Command line argument: -Dcatalina.home=D:\Sandbox\AirportStatus\localhost\apache-tomcat-8.0.33
03-May-2016 06:12:00.108 INFO [main] org.apache.catalina.startup.VersionLoggerListener.log Command line argument: -Djava.io.tmpdir=D:\Sandbox\AirportStatus\localhost\apache-tomcat-8.0.33\temp
03-May-2016 06:12:00.109 INFO [main] org.apache.catalina.core.AprLifecycleListener.lifecycleEvent The APR based Apache Tomcat Native library which allows optimal performance in production environments was not found on the java.library.path: C:\Program Files\Java\jdk1.7.0_60\bin;C:\Windows\Sun\Java\bin;C:\Windows\system32;C:\Windows;C:\Program Files (x86)\Intel\iCLS Client\;C:\Program Files\Intel\iCLS Client\;C:\Oracle11\product\11.2.0\client_1\bin;C:\Windows\system32;C:\Windows;C:\Windows\System32\Wbem;C:\Windows\System32\WindowsPowerShell\v1.0\;C:\Program Files\7-Zip;C:\Program Files (x86)\Kaspersky Lab\Kaspersky Endpoint Security 10 for Windows\;C:\Program Files\Intel\Intel(R) Management Engine Components\DAL;C:\Program Files (x86)\Intel\Intel(R) Management Engine Components\DAL;C:\Program Files\Intel\Intel(R) Management Engine Components\IPT;C:\Program Files (x86)\Intel\Intel(R) Management Engine Components\IPT;C:\Program Files\Java\jdk1.7.0_60\bin;C:\apache-maven-3.0.4\bin;C:\Program Files\TortoiseSVN\bin;C:\Workspace\BS4SVN\BS4SVN-v.1.33.0\ant\bin;C:\Program Files (x86)\IBM\Client Access\Emulator;C:\Program Files (x86)\IBM\Client Access\Shared;C:\Program Files (x86)\IBM\Client Access\;C:\Program Files (x86)\GnuWin32\bin;E:\Workspace\Console_Sandbox;C:\Program Files\Google\Cloud SDK\google-cloud-sdk\bin;C:\Users\alpu1014\Desktop\curl_743_0_ssl;C:\Program Files\Google\Cloud SDK\google-cloud-sdk\bin;C:\Program Files\Google\Cloud SDK\google-cloud-sdk.staging\bin;C:\Program Files (x86)\MySQL\MySQL Fabric 1.5.4 & MySQL Utilities 1.5.4 1.5\;C:\Program Files (x86)\MySQL\MySQL Fabric 1.5.4 & MySQL Utilities 1.5.4 1.5\Doctrine extensions for PHP\;E:\gwt-2.6.1;C:\disk_d\Workspace\BS4SVN-v.1.75.0\ant\bin;C:\Program Files (x86)\Skype\Phone\;C:\disk_d\Workspace\BS4SVN-v.1.75.0\ant;C:\Program Files (x86)\Sennheiser\SoftphoneSDK\;.
03-May-2016 06:12:00.244 INFO [main] org.apache.coyote.AbstractProtocol.init Initializing ProtocolHandler ["http-nio-8080"]
03-May-2016 06:12:00.272 INFO [main] org.apache.tomcat.util.net.NioSelectorPool.getSharedSelector Using a shared selector for servlet write/read
03-May-2016 06:12:00.275 INFO [main] org.apache.coyote.AbstractProtocol.init Initializing ProtocolHandler ["ajp-nio-8009"]
03-May-2016 06:12:00.280 INFO [main] org.apache.tomcat.util.net.NioSelectorPool.getSharedSelector Using a shared selector for servlet write/read
03-May-2016 06:12:00.282 INFO [main] org.apache.catalina.startup.Catalina.load Initialization processed in 606 ms
03-May-2016 06:12:00.312 INFO [main] org.apache.catalina.core.StandardService.startInternal Starting service Catalina
03-May-2016 06:12:00.312 INFO [main] org.apache.catalina.core.StandardEngine.startInternal Starting Servlet Engine: Apache Tomcat/8.0.33
03-May-2016 06:12:00.322 INFO [localhost-startStop-1] org.apache.catalina.startup.HostConfig.deployDirectory Deploying web application directory D:\Sandbox\AirportStatus\localhost\apache-tomcat-8.0.33\webapps\ROOT
03-May-2016 06:12:00.685 INFO [localhost-startStop-1] org.apache.catalina.startup.HostConfig.deployDirectory Deployment of web application directory D:\Sandbox\AirportStatus\localhost\apache-tomcat-8.0.33\webapps\ROOT has finished in 363 ms
03-May-2016 06:12:00.688 INFO [main] org.apache.coyote.AbstractProtocol.start Starting ProtocolHandler ["http-nio-8080"]
03-May-2016 06:12:00.697 INFO [main] org.apache.coyote.AbstractProtocol.start Starting ProtocolHandler ["ajp-nio-8009"]
03-May-2016 06:12:00.701 INFO [main] org.apache.catalina.startup.Catalina.start Server startup in 417 ms
03-May-2016 06:13:54.681 INFO [main] org.apache.catalina.startup.VersionLoggerListener.log Server version:        Apache Tomcat/8.0.33
03-May-2016 06:13:54.683 INFO [main] org.apache.catalina.startup.VersionLoggerListener.log Server built:          Mar 18 2016 20:31:49 UTC
03-May-2016 06:13:54.683 INFO [main] org.apache.catalina.startup.VersionLoggerListener.log Server number:         8.0.33.0
03-May-2016 06:13:54.683 INFO [main] org.apache.catalina.startup.VersionLoggerListener.log OS Name:               Windows 7
03-May-2016 06:13:54.683 INFO [main] org.apache.catalina.startup.VersionLoggerListener.log OS Version:            6.1
03-May-2016 06:13:54.683 INFO [main] org.apache.catalina.startup.VersionLoggerListener.log Architecture:          amd64
03-May-2016 06:13:54.684 INFO [main] org.apache.catalina.startup.VersionLoggerListener.log Java Home:             C:\Program Files\Java\jdk1.7.0_60\jre
03-May-2016 06:13:54.684 INFO [main] org.apache.catalina.startup.VersionLoggerListener.log JVM Version:           1.7.0_60-b19
03-May-2016 06:13:54.684 INFO [main] org.apache.catalina.startup.VersionLoggerListener.log JVM Vendor:            Oracle Corporation
03-May-2016 06:13:54.684 INFO [main] org.apache.catalina.startup.VersionLoggerListener.log CATALINA_BASE:         D:\Sandbox\AirportStatus\localhost\apache-tomcat-8.0.33
03-May-2016 06:13:54.684 INFO [main] org.apache.catalina.startup.VersionLoggerListener.log CATALINA_HOME:         D:\Sandbox\AirportStatus\localhost\apache-tomcat-8.0.33
03-May-2016 06:13:54.685 INFO [main] org.apache.catalina.startup.VersionLoggerListener.log Command line argument: -Djava.util.logging.config.file=D:\Sandbox\AirportStatus\localhost\apache-tomcat-8.0.33\conf\logging.properties
03-May-2016 06:13:54.685 INFO [main] org.apache.catalina.startup.VersionLoggerListener.log Command line argument: -Djava.util.logging.manager=org.apache.juli.ClassLoaderLogManager
03-May-2016 06:13:54.685 INFO [main] org.apache.catalina.startup.VersionLoggerListener.log Command line argument: -Djava.endorsed.dirs=D:\Sandbox\AirportStatus\localhost\apache-tomcat-8.0.33\endorsed
03-May-2016 06:13:54.686 INFO [main] org.apache.catalina.startup.VersionLoggerListener.log Command line argument: -Dcatalina.base=D:\Sandbox\AirportStatus\localhost\apache-tomcat-8.0.33
03-May-2016 06:13:54.686 INFO [main] org.apache.catalina.startup.VersionLoggerListener.log Command line argument: -Dcatalina.home=D:\Sandbox\AirportStatus\localhost\apache-tomcat-8.0.33
03-May-2016 06:13:54.686 INFO [main] org.apache.catalina.startup.VersionLoggerListener.log Command line argument: -Djava.io.tmpdir=D:\Sandbox\AirportStatus\localhost\apache-tomcat-8.0.33\temp
03-May-2016 06:13:54.687 INFO [main] org.apache.catalina.core.AprLifecycleListener.lifecycleEvent The APR based Apache Tomcat Native library which allows optimal performance in production environments was not found on the java.library.path: C:\Program Files\Java\jdk1.7.0_60\bin;C:\Windows\Sun\Java\bin;C:\Windows\system32;C:\Windows;C:\Program Files (x86)\Intel\iCLS Client\;C:\Program Files\Intel\iCLS Client\;C:\Oracle11\product\11.2.0\client_1\bin;C:\Windows\system32;C:\Windows;C:\Windows\System32\Wbem;C:\Windows\System32\WindowsPowerShell\v1.0\;C:\Program Files\7-Zip;C:\Program Files (x86)\Kaspersky Lab\Kaspersky Endpoint Security 10 for Windows\;C:\Program Files\Intel\Intel(R) Management Engine Components\DAL;C:\Program Files (x86)\Intel\Intel(R) Management Engine Components\DAL;C:\Program Files\Intel\Intel(R) Management Engine Components\IPT;C:\Program Files (x86)\Intel\Intel(R) Management Engine Components\IPT;C:\Program Files\Java\jdk1.7.0_60\bin;C:\apache-maven-3.0.4\bin;C:\Program Files\TortoiseSVN\bin;C:\Workspace\BS4SVN\BS4SVN-v.1.33.0\ant\bin;C:\Program Files (x86)\IBM\Client Access\Emulator;C:\Program Files (x86)\IBM\Client Access\Shared;C:\Program Files (x86)\IBM\Client Access\;C:\Program Files (x86)\GnuWin32\bin;E:\Workspace\Console_Sandbox;C:\Program Files\Google\Cloud SDK\google-cloud-sdk\bin;C:\Users\alpu1014\Desktop\curl_743_0_ssl;C:\Program Files\Google\Cloud SDK\google-cloud-sdk\bin;C:\Program Files\Google\Cloud SDK\google-cloud-sdk.staging\bin;C:\Program Files (x86)\MySQL\MySQL Fabric 1.5.4 & MySQL Utilities 1.5.4 1.5\;C:\Program Files (x86)\MySQL\MySQL Fabric 1.5.4 & MySQL Utilities 1.5.4 1.5\Doctrine extensions for PHP\;E:\gwt-2.6.1;C:\disk_d\Workspace\BS4SVN-v.1.75.0\ant\bin;C:\Program Files (x86)\Skype\Phone\;C:\disk_d\Workspace\BS4SVN-v.1.75.0\ant;C:\Program Files (x86)\Sennheiser\SoftphoneSDK\;.
03-May-2016 06:13:54.804 INFO [main] org.apache.coyote.AbstractProtocol.init Initializing ProtocolHandler ["http-nio-8080"]
03-May-2016 06:13:54.828 INFO [main] org.apache.tomcat.util.net.NioSelectorPool.getSharedSelector Using a shared selector for servlet write/read
03-May-2016 06:13:54.831 INFO [main] org.apache.coyote.AbstractProtocol.init Initializing ProtocolHandler ["ajp-nio-8009"]
03-May-2016 06:13:54.836 INFO [main] org.apache.tomcat.util.net.NioSelectorPool.getSharedSelector Using a shared selector for servlet write/read
03-May-2016 06:13:54.837 INFO [main] org.apache.catalina.startup.Catalina.load Initialization processed in 544 ms
03-May-2016 06:13:54.866 INFO [main] org.apache.catalina.core.StandardService.startInternal Starting service Catalina
03-May-2016 06:13:54.867 INFO [main] org.apache.catalina.core.StandardEngine.startInternal Starting Servlet Engine: Apache Tomcat/8.0.33
03-May-2016 06:13:54.876 INFO [localhost-startStop-1] org.apache.catalina.startup.HostConfig.deployDirectory Deploying web application directory D:\Sandbox\AirportStatus\localhost\apache-tomcat-8.0.33\webapps\ROOT
03-May-2016 06:13:55.218 INFO [localhost-startStop-1] org.apache.catalina.startup.HostConfig.deployDirectory Deployment of web application directory D:\Sandbox\AirportStatus\localhost\apache-tomcat-8.0.33\webapps\ROOT has finished in 342 ms
03-May-2016 06:13:55.221 INFO [main] org.apache.coyote.AbstractProtocol.start Starting ProtocolHandler ["http-nio-8080"]
03-May-2016 06:13:55.231 INFO [main] org.apache.coyote.AbstractProtocol.start Starting ProtocolHandler ["ajp-nio-8009"]
03-May-2016 06:13:55.235 INFO [main] org.apache.catalina.startup.Catalina.start Server startup in 397 ms
03-May-2016 06:14:21.306 INFO [main] org.apache.catalina.startup.VersionLoggerListener.log Server version:        Apache Tomcat/8.0.33
03-May-2016 06:14:21.307 INFO [main] org.apache.catalina.startup.VersionLoggerListener.log Server built:          Mar 18 2016 20:31:49 UTC
03-May-2016 06:14:21.307 INFO [main] org.apache.catalina.startup.VersionLoggerListener.log Server number:         8.0.33.0
03-May-2016 06:14:21.308 INFO [main] org.apache.catalina.startup.VersionLoggerListener.log OS Name:               Windows 7
03-May-2016 06:14:21.308 INFO [main] org.apache.catalina.startup.VersionLoggerListener.log OS Version:            6.1
03-May-2016 06:14:21.308 INFO [main] org.apache.catalina.startup.VersionLoggerListener.log Architecture:          amd64
03-May-2016 06:14:21.308 INFO [main] org.apache.catalina.startup.VersionLoggerListener.log Java Home:             C:\Program Files\Java\jdk1.7.0_60\jre
03-May-2016 06:14:21.309 INFO [main] org.apache.catalina.startup.VersionLoggerListener.log JVM Version:           1.7.0_60-b19
03-May-2016 06:14:21.309 INFO [main] org.apache.catalina.startup.VersionLoggerListener.log JVM Vendor:            Oracle Corporation
03-May-2016 06:14:21.309 INFO [main] org.apache.catalina.startup.VersionLoggerListener.log CATALINA_BASE:         D:\Sandbox\AirportStatus\localhost\apache-tomcat-8.0.33
03-May-2016 06:14:21.309 INFO [main] org.apache.catalina.startup.VersionLoggerListener.log CATALINA_HOME:         D:\Sandbox\AirportStatus\localhost\apache-tomcat-8.0.33
03-May-2016 06:14:21.310 INFO [main] org.apache.catalina.startup.VersionLoggerListener.log Command line argument: -Djava.util.logging.config.file=D:\Sandbox\AirportStatus\localhost\apache-tomcat-8.0.33\conf\logging.properties
03-May-2016 06:14:21.310 INFO [main] org.apache.catalina.startup.VersionLoggerListener.log Command line argument: -Djava.util.logging.manager=org.apache.juli.ClassLoaderLogManager
03-May-2016 06:14:21.311 INFO [main] org.apache.catalina.startup.VersionLoggerListener.log Command line argument: -Djava.endorsed.dirs=D:\Sandbox\AirportStatus\localhost\apache-tomcat-8.0.33\endorsed
03-May-2016 06:14:21.311 INFO [main] org.apache.catalina.startup.VersionLoggerListener.log Command line argument: -Dcatalina.base=D:\Sandbox\AirportStatus\localhost\apache-tomcat-8.0.33
03-May-2016 06:14:21.312 INFO [main] org.apache.catalina.startup.VersionLoggerListener.log Command line argument: -Dcatalina.home=D:\Sandbox\AirportStatus\localhost\apache-tomcat-8.0.33
03-May-2016 06:14:21.312 INFO [main] org.apache.catalina.startup.VersionLoggerListener.log Command line argument: -Djava.io.tmpdir=D:\Sandbox\AirportStatus\localhost\apache-tomcat-8.0.33\temp
03-May-2016 06:14:21.313 INFO [main] org.apache.catalina.core.AprLifecycleListener.lifecycleEvent The APR based Apache Tomcat Native library which allows optimal performance in production environments was not found on the java.library.path: C:\Program Files\Java\jdk1.7.0_60\bin;C:\Windows\Sun\Java\bin;C:\Windows\system32;C:\Windows;C:\Program Files (x86)\Intel\iCLS Client\;C:\Program Files\Intel\iCLS Client\;C:\Oracle11\product\11.2.0\client_1\bin;C:\Windows\system32;C:\Windows;C:\Windows\System32\Wbem;C:\Windows\System32\WindowsPowerShell\v1.0\;C:\Program Files\7-Zip;C:\Program Files (x86)\Kaspersky Lab\Kaspersky Endpoint Security 10 for Windows\;C:\Program Files\Intel\Intel(R) Management Engine Components\DAL;C:\Program Files (x86)\Intel\Intel(R) Management Engine Components\DAL;C:\Program Files\Intel\Intel(R) Management Engine Components\IPT;C:\Program Files (x86)\Intel\Intel(R) Management Engine Components\IPT;C:\Program Files\Java\jdk1.7.0_60\bin;C:\apache-maven-3.0.4\bin;C:\Program Files\TortoiseSVN\bin;C:\Workspace\BS4SVN\BS4SVN-v.1.33.0\ant\bin;C:\Program Files (x86)\IBM\Client Access\Emulator;C:\Program Files (x86)\IBM\Client Access\Shared;C:\Program Files (x86)\IBM\Client Access\;C:\Program Files (x86)\GnuWin32\bin;E:\Workspace\Console_Sandbox;C:\Program Files\Google\Cloud SDK\google-cloud-sdk\bin;C:\Users\alpu1014\Desktop\curl_743_0_ssl;C:\Program Files\Google\Cloud SDK\google-cloud-sdk\bin;C:\Program Files\Google\Cloud SDK\google-cloud-sdk.staging\bin;C:\Program Files (x86)\MySQL\MySQL Fabric 1.5.4 & MySQL Utilities 1.5.4 1.5\;C:\Program Files (x86)\MySQL\MySQL Fabric 1.5.4 & MySQL Utilities 1.5.4 1.5\Doctrine extensions for PHP\;E:\gwt-2.6.1;C:\disk_d\Workspace\BS4SVN-v.1.75.0\ant\bin;C:\Program Files (x86)\Skype\Phone\;C:\disk_d\Workspace\BS4SVN-v.1.75.0\ant;C:\Program Files (x86)\Sennheiser\SoftphoneSDK\;.
03-May-2016 06:14:21.431 INFO [main] org.apache.coyote.AbstractProtocol.init Initializing ProtocolHandler ["http-nio-8080"]
03-May-2016 06:14:21.454 INFO [main] org.apache.tomcat.util.net.NioSelectorPool.getSharedSelector Using a shared selector for servlet write/read
03-May-2016 06:14:21.456 INFO [main] org.apache.coyote.AbstractProtocol.init Initializing ProtocolHandler ["ajp-nio-8009"]
03-May-2016 06:14:21.461 INFO [main] org.apache.tomcat.util.net.NioSelectorPool.getSharedSelector Using a shared selector for servlet write/read
03-May-2016 06:14:21.462 INFO [main] org.apache.catalina.startup.Catalina.load Initialization processed in 553 ms
03-May-2016 06:14:21.502 INFO [main] org.apache.catalina.core.StandardService.startInternal Starting service Catalina
03-May-2016 06:14:21.502 INFO [main] org.apache.catalina.core.StandardEngine.startInternal Starting Servlet Engine: Apache Tomcat/8.0.33
03-May-2016 06:14:21.514 INFO [localhost-startStop-1] org.apache.catalina.startup.HostConfig.deployDirectory Deploying web application directory D:\Sandbox\AirportStatus\localhost\apache-tomcat-8.0.33\webapps\ROOT
03-May-2016 06:14:21.872 INFO [localhost-startStop-1] org.apache.catalina.startup.HostConfig.deployDirectory Deployment of web application directory D:\Sandbox\AirportStatus\localhost\apache-tomcat-8.0.33\webapps\ROOT has finished in 358 ms
03-May-2016 06:14:21.874 INFO [main] org.apache.coyote.AbstractProtocol.start Starting ProtocolHandler ["http-nio-8080"]
03-May-2016 06:14:21.885 INFO [main] org.apache.coyote.AbstractProtocol.start Starting ProtocolHandler ["ajp-nio-8009"]
03-May-2016 06:14:21.889 INFO [main] org.apache.catalina.startup.Catalina.start Server startup in 426 ms
03-May-2016 06:15:12.586 INFO [main] org.apache.catalina.startup.VersionLoggerListener.log Server version:        Apache Tomcat/8.0.33
03-May-2016 06:15:12.587 INFO [main] org.apache.catalina.startup.VersionLoggerListener.log Server built:          Mar 18 2016 20:31:49 UTC
03-May-2016 06:15:12.587 INFO [main] org.apache.catalina.startup.VersionLoggerListener.log Server number:         8.0.33.0
03-May-2016 06:15:12.588 INFO [main] org.apache.catalina.startup.VersionLoggerListener.log OS Name:               Windows 7
03-May-2016 06:15:12.588 INFO [main] org.apache.catalina.startup.VersionLoggerListener.log OS Version:            6.1
03-May-2016 06:15:12.588 INFO [main] org.apache.catalina.startup.VersionLoggerListener.log Architecture:          amd64
03-May-2016 06:15:12.588 INFO [main] org.apache.catalina.startup.VersionLoggerListener.log Java Home:             C:\Program Files\Java\jdk1.7.0_60\jre
03-May-2016 06:15:12.588 INFO [main] org.apache.catalina.startup.VersionLoggerListener.log JVM Version:           1.7.0_60-b19
03-May-2016 06:15:12.589 INFO [main] org.apache.catalina.startup.VersionLoggerListener.log JVM Vendor:            Oracle Corporation
03-May-2016 06:15:12.589 INFO [main] org.apache.catalina.startup.VersionLoggerListener.log CATALINA_BASE:         D:\Sandbox\AirportStatus\localhost\apache-tomcat-8.0.33
03-May-2016 06:15:12.589 INFO [main] org.apache.catalina.startup.VersionLoggerListener.log CATALINA_HOME:         D:\Sandbox\AirportStatus\localhost\apache-tomcat-8.0.33
03-May-2016 06:15:12.589 INFO [main] org.apache.catalina.startup.VersionLoggerListener.log Command line argument: -Djava.util.logging.config.file=D:\Sandbox\AirportStatus\localhost\apache-tomcat-8.0.33\conf\logging.properties
03-May-2016 06:15:12.589 INFO [main] org.apache.catalina.startup.VersionLoggerListener.log Command line argument: -Djava.util.logging.manager=org.apache.juli.ClassLoaderLogManager
03-May-2016 06:15:12.590 INFO [main] org.apache.catalina.startup.VersionLoggerListener.log Command line argument: -Djava.endorsed.dirs=D:\Sandbox\AirportStatus\localhost\apache-tomcat-8.0.33\endorsed
03-May-2016 06:15:12.590 INFO [main] org.apache.catalina.startup.VersionLoggerListener.log Command line argument: -Dcatalina.base=D:\Sandbox\AirportStatus\localhost\apache-tomcat-8.0.33
03-May-2016 06:15:12.590 INFO [main] org.apache.catalina.startup.VersionLoggerListener.log Command line argument: -Dcatalina.home=D:\Sandbox\AirportStatus\localhost\apache-tomcat-8.0.33
03-May-2016 06:15:12.591 INFO [main] org.apache.catalina.startup.VersionLoggerListener.log Command line argument: -Djava.io.tmpdir=D:\Sandbox\AirportStatus\localhost\apache-tomcat-8.0.33\temp
03-May-2016 06:15:12.591 INFO [main] org.apache.catalina.core.AprLifecycleListener.lifecycleEvent The APR based Apache Tomcat Native library which allows optimal performance in production environments was not found on the java.library.path: C:\Program Files\Java\jdk1.7.0_60\bin;C:\Windows\Sun\Java\bin;C:\Windows\system32;C:\Windows;C:\Program Files (x86)\Intel\iCLS Client\;C:\Program Files\Intel\iCLS Client\;C:\Oracle11\product\11.2.0\client_1\bin;C:\Windows\system32;C:\Windows;C:\Windows\System32\Wbem;C:\Windows\System32\WindowsPowerShell\v1.0\;C:\Program Files\7-Zip;C:\Program Files (x86)\Kaspersky Lab\Kaspersky Endpoint Security 10 for Windows\;C:\Program Files\Intel\Intel(R) Management Engine Components\DAL;C:\Program Files (x86)\Intel\Intel(R) Management Engine Components\DAL;C:\Program Files\Intel\Intel(R) Management Engine Components\IPT;C:\Program Files (x86)\Intel\Intel(R) Management Engine Components\IPT;C:\Program Files\Java\jdk1.7.0_60\bin;C:\apache-maven-3.0.4\bin;C:\Program Files\TortoiseSVN\bin;C:\Workspace\BS4SVN\BS4SVN-v.1.33.0\ant\bin;C:\Program Files (x86)\IBM\Client Access\Emulator;C:\Program Files (x86)\IBM\Client Access\Shared;C:\Program Files (x86)\IBM\Client Access\;C:\Program Files (x86)\GnuWin32\bin;E:\Workspace\Console_Sandbox;C:\Program Files\Google\Cloud SDK\google-cloud-sdk\bin;C:\Users\alpu1014\Desktop\curl_743_0_ssl;C:\Program Files\Google\Cloud SDK\google-cloud-sdk\bin;C:\Program Files\Google\Cloud SDK\google-cloud-sdk.staging\bin;C:\Program Files (x86)\MySQL\MySQL Fabric 1.5.4 & MySQL Utilities 1.5.4 1.5\;C:\Program Files (x86)\MySQL\MySQL Fabric 1.5.4 & MySQL Utilities 1.5.4 1.5\Doctrine extensions for PHP\;E:\gwt-2.6.1;C:\disk_d\Workspace\BS4SVN-v.1.75.0\ant\bin;C:\Program Files (x86)\Skype\Phone\;C:\disk_d\Workspace\BS4SVN-v.1.75.0\ant;C:\Program Files (x86)\Sennheiser\SoftphoneSDK\;.
03-May-2016 06:15:12.700 INFO [main] org.apache.coyote.AbstractProtocol.init Initializing ProtocolHandler ["http-nio-8080"]
03-May-2016 06:15:12.725 INFO [main] org.apache.tomcat.util.net.NioSelectorPool.getSharedSelector Using a shared selector for servlet write/read
03-May-2016 06:15:12.728 INFO [main] org.apache.coyote.AbstractProtocol.init Initializing ProtocolHandler ["ajp-nio-8009"]
03-May-2016 06:15:12.734 INFO [main] org.apache.tomcat.util.net.NioSelectorPool.getSharedSelector Using a shared selector for servlet write/read
03-May-2016 06:15:12.735 INFO [main] org.apache.catalina.startup.Catalina.load Initialization processed in 553 ms
03-May-2016 06:15:12.762 INFO [main] org.apache.catalina.core.StandardService.startInternal Starting service Catalina
03-May-2016 06:15:12.763 INFO [main] org.apache.catalina.core.StandardEngine.startInternal Starting Servlet Engine: Apache Tomcat/8.0.33
03-May-2016 06:15:12.772 INFO [localhost-startStop-1] org.apache.catalina.startup.HostConfig.deployDirectory Deploying web application directory D:\Sandbox\AirportStatus\localhost\apache-tomcat-8.0.33\webapps\ROOT
03-May-2016 06:15:13.125 INFO [localhost-startStop-1] org.apache.catalina.startup.HostConfig.deployDirectory Deployment of web application directory D:\Sandbox\AirportStatus\localhost\apache-tomcat-8.0.33\webapps\ROOT has finished in 353 ms
03-May-2016 06:15:13.128 INFO [main] org.apache.coyote.AbstractProtocol.start Starting ProtocolHandler ["http-nio-8080"]
03-May-2016 06:15:13.139 INFO [main] org.apache.coyote.AbstractProtocol.start Starting ProtocolHandler ["ajp-nio-8009"]
03-May-2016 06:15:13.142 INFO [main] org.apache.catalina.startup.Catalina.start Server startup in 406 ms
03-May-2016 06:20:44.808 INFO [main] org.apache.catalina.startup.VersionLoggerListener.log Server version:        Apache Tomcat/8.0.33
03-May-2016 06:20:44.810 INFO [main] org.apache.catalina.startup.VersionLoggerListener.log Server built:          Mar 18 2016 20:31:49 UTC
03-May-2016 06:20:44.810 INFO [main] org.apache.catalina.startup.VersionLoggerListener.log Server number:         8.0.33.0
03-May-2016 06:20:44.810 INFO [main] org.apache.catalina.startup.VersionLoggerListener.log OS Name:               Windows 7
03-May-2016 06:20:44.811 INFO [main] org.apache.catalina.startup.VersionLoggerListener.log OS Version:            6.1
03-May-2016 06:20:44.811 INFO [main] org.apache.catalina.startup.VersionLoggerListener.log Architecture:          amd64
03-May-2016 06:20:44.811 INFO [main] org.apache.catalina.startup.VersionLoggerListener.log Java Home:             C:\Program Files\Java\jdk1.7.0_60\jre
03-May-2016 06:20:44.811 INFO [main] org.apache.catalina.startup.VersionLoggerListener.log JVM Version:           1.7.0_60-b19
03-May-2016 06:20:44.811 INFO [main] org.apache.catalina.startup.VersionLoggerListener.log JVM Vendor:            Oracle Corporation
03-May-2016 06:20:44.811 INFO [main] org.apache.catalina.startup.VersionLoggerListener.log CATALINA_BASE:         D:\Sandbox\AirportStatus\localhost\apache-tomcat-8.0.33
03-May-2016 06:20:44.812 INFO [main] org.apache.catalina.startup.VersionLoggerListener.log CATALINA_HOME:         D:\Sandbox\AirportStatus\localhost\apache-tomcat-8.0.33
03-May-2016 06:20:44.812 INFO [main] org.apache.catalina.startup.VersionLoggerListener.log Command line argument: -Djava.util.logging.config.file=D:\Sandbox\AirportStatus\localhost\apache-tomcat-8.0.33\conf\logging.properties
03-May-2016 06:20:44.812 INFO [main] org.apache.catalina.startup.VersionLoggerListener.log Command line argument: -Djava.util.logging.manager=org.apache.juli.ClassLoaderLogManager
03-May-2016 06:20:44.813 INFO [main] org.apache.catalina.startup.VersionLoggerListener.log Command line argument: -Djava.endorsed.dirs=D:\Sandbox\AirportStatus\localhost\apache-tomcat-8.0.33\endorsed
03-May-2016 06:20:44.813 INFO [main] org.apache.catalina.startup.VersionLoggerListener.log Command line argument: -Dcatalina.base=D:\Sandbox\AirportStatus\localhost\apache-tomcat-8.0.33
03-May-2016 06:20:44.814 INFO [main] org.apache.catalina.startup.VersionLoggerListener.log Command line argument: -Dcatalina.home=D:\Sandbox\AirportStatus\localhost\apache-tomcat-8.0.33
03-May-2016 06:20:44.814 INFO [main] org.apache.catalina.startup.VersionLoggerListener.log Command line argument: -Djava.io.tmpdir=D:\Sandbox\AirportStatus\localhost\apache-tomcat-8.0.33\temp
03-May-2016 06:20:44.814 INFO [main] org.apache.catalina.core.AprLifecycleListener.lifecycleEvent The APR based Apache Tomcat Native library which allows optimal performance in production environments was not found on the java.library.path: C:\Program Files\Java\jdk1.7.0_60\bin;C:\Windows\Sun\Java\bin;C:\Windows\system32;C:\Windows;C:\Program Files (x86)\Intel\iCLS Client\;C:\Program Files\Intel\iCLS Client\;C:\Oracle11\product\11.2.0\client_1\bin;C:\Windows\system32;C:\Windows;C:\Windows\System32\Wbem;C:\Windows\System32\WindowsPowerShell\v1.0\;C:\Program Files\7-Zip;C:\Program Files (x86)\Kaspersky Lab\Kaspersky Endpoint Security 10 for Windows\;C:\Program Files\Intel\Intel(R) Management Engine Components\DAL;C:\Program Files (x86)\Intel\Intel(R) Management Engine Components\DAL;C:\Program Files\Intel\Intel(R) Management Engine Components\IPT;C:\Program Files (x86)\Intel\Intel(R) Management Engine Components\IPT;C:\Program Files\Java\jdk1.7.0_60\bin;C:\apache-maven-3.0.4\bin;C:\Program Files\TortoiseSVN\bin;C:\Workspace\BS4SVN\BS4SVN-v.1.33.0\ant\bin;C:\Program Files (x86)\IBM\Client Access\Emulator;C:\Program Files (x86)\IBM\Client Access\Shared;C:\Program Files (x86)\IBM\Client Access\;C:\Program Files (x86)\GnuWin32\bin;E:\Workspace\Console_Sandbox;C:\Program Files\Google\Cloud SDK\google-cloud-sdk\bin;C:\Users\alpu1014\Desktop\curl_743_0_ssl;C:\Program Files\Google\Cloud SDK\google-cloud-sdk\bin;C:\Program Files\Google\Cloud SDK\google-cloud-sdk.staging\bin;C:\Program Files (x86)\MySQL\MySQL Fabric 1.5.4 & MySQL Utilities 1.5.4 1.5\;C:\Program Files (x86)\MySQL\MySQL Fabric 1.5.4 & MySQL Utilities 1.5.4 1.5\Doctrine extensions for PHP\;E:\gwt-2.6.1;C:\disk_d\Workspace\BS4SVN-v.1.75.0\ant\bin;C:\Program Files (x86)\Skype\Phone\;C:\disk_d\Workspace\BS4SVN-v.1.75.0\ant;C:\Program Files (x86)\Sennheiser\SoftphoneSDK\;.
03-May-2016 06:20:44.932 INFO [main] org.apache.coyote.AbstractProtocol.init Initializing ProtocolHandler ["http-nio-8080"]
03-May-2016 06:20:44.963 INFO [main] org.apache.tomcat.util.net.NioSelectorPool.getSharedSelector Using a shared selector for servlet write/read
03-May-2016 06:20:44.967 INFO [main] org.apache.coyote.AbstractProtocol.init Initializing ProtocolHandler ["ajp-nio-8009"]
03-May-2016 06:20:44.975 INFO [main] org.apache.tomcat.util.net.NioSelectorPool.getSharedSelector Using a shared selector for servlet write/read
03-May-2016 06:20:44.976 INFO [main] org.apache.catalina.startup.Catalina.load Initialization processed in 569 ms
03-May-2016 06:20:45.002 INFO [main] org.apache.catalina.core.StandardService.startInternal Starting service Catalina
03-May-2016 06:20:45.003 INFO [main] org.apache.catalina.core.StandardEngine.startInternal Starting Servlet Engine: Apache Tomcat/8.0.33
03-May-2016 06:20:45.013 INFO [localhost-startStop-1] org.apache.catalina.startup.HostConfig.deployDirectory Deploying web application directory D:\Sandbox\AirportStatus\localhost\apache-tomcat-8.0.33\webapps\ROOT
03-May-2016 06:20:45.383 INFO [localhost-startStop-1] org.apache.catalina.startup.HostConfig.deployDirectory Deployment of web application directory D:\Sandbox\AirportStatus\localhost\apache-tomcat-8.0.33\webapps\ROOT has finished in 369 ms
03-May-2016 06:20:45.386 INFO [main] org.apache.coyote.AbstractProtocol.start Starting ProtocolHandler ["http-nio-8080"]
03-May-2016 06:20:45.396 INFO [main] org.apache.coyote.AbstractProtocol.start Starting ProtocolHandler ["ajp-nio-8009"]
03-May-2016 06:20:45.400 INFO [main] org.apache.catalina.startup.Catalina.start Server startup in 423 ms
03-May-2016 06:21:33.085 INFO [main] org.apache.catalina.startup.VersionLoggerListener.log Server version:        Apache Tomcat/8.0.33
03-May-2016 06:21:33.086 INFO [main] org.apache.catalina.startup.VersionLoggerListener.log Server built:          Mar 18 2016 20:31:49 UTC
03-May-2016 06:21:33.087 INFO [main] org.apache.catalina.startup.VersionLoggerListener.log Server number:         8.0.33.0
03-May-2016 06:21:33.087 INFO [main] org.apache.catalina.startup.VersionLoggerListener.log OS Name:               Windows 7
03-May-2016 06:21:33.087 INFO [main] org.apache.catalina.startup.VersionLoggerListener.log OS Version:            6.1
03-May-2016 06:21:33.087 INFO [main] org.apache.catalina.startup.VersionLoggerListener.log Architecture:          amd64
03-May-2016 06:21:33.088 INFO [main] org.apache.catalina.startup.VersionLoggerListener.log Java Home:             C:\Program Files\Java\jdk1.7.0_60\jre
03-May-2016 06:21:33.088 INFO [main] org.apache.catalina.startup.VersionLoggerListener.log JVM Version:           1.7.0_60-b19
03-May-2016 06:21:33.088 INFO [main] org.apache.catalina.startup.VersionLoggerListener.log JVM Vendor:            Oracle Corporation
03-May-2016 06:21:33.088 INFO [main] org.apache.catalina.startup.VersionLoggerListener.log CATALINA_BASE:         D:\Sandbox\AirportStatus\localhost\apache-tomcat-8.0.33
03-May-2016 06:21:33.088 INFO [main] org.apache.catalina.startup.VersionLoggerListener.log CATALINA_HOME:         D:\Sandbox\AirportStatus\localhost\apache-tomcat-8.0.33
03-May-2016 06:21:33.089 INFO [main] org.apache.catalina.startup.VersionLoggerListener.log Command line argument: -Djava.util.logging.config.file=D:\Sandbox\AirportStatus\localhost\apache-tomcat-8.0.33\conf\logging.properties
03-May-2016 06:21:33.089 INFO [main] org.apache.catalina.startup.VersionLoggerListener.log Command line argument: -Djava.util.logging.manager=org.apache.juli.ClassLoaderLogManager
03-May-2016 06:21:33.090 INFO [main] org.apache.catalina.startup.VersionLoggerListener.log Command line argument: -Djava.endorsed.dirs=D:\Sandbox\AirportStatus\localhost\apache-tomcat-8.0.33\endorsed
03-May-2016 06:21:33.090 INFO [main] org.apache.catalina.startup.VersionLoggerListener.log Command line argument: -Dcatalina.base=D:\Sandbox\AirportStatus\localhost\apache-tomcat-8.0.33
03-May-2016 06:21:33.090 INFO [main] org.apache.catalina.startup.VersionLoggerListener.log Command line argument: -Dcatalina.home=D:\Sandbox\AirportStatus\localhost\apache-tomcat-8.0.33
03-May-2016 06:21:33.091 INFO [main] org.apache.catalina.startup.VersionLoggerListener.log Command line argument: -Djava.io.tmpdir=D:\Sandbox\AirportStatus\localhost\apache-tomcat-8.0.33\temp
03-May-2016 06:21:33.091 INFO [main] org.apache.catalina.core.AprLifecycleListener.lifecycleEvent The APR based Apache Tomcat Native library which allows optimal performance in production environments was not found on the java.library.path: C:\Program Files\Java\jdk1.7.0_60\bin;C:\Windows\Sun\Java\bin;C:\Windows\system32;C:\Windows;C:\Program Files (x86)\Intel\iCLS Client\;C:\Program Files\Intel\iCLS Client\;C:\Oracle11\product\11.2.0\client_1\bin;C:\Windows\system32;C:\Windows;C:\Windows\System32\Wbem;C:\Windows\System32\WindowsPowerShell\v1.0\;C:\Program Files\7-Zip;C:\Program Files (x86)\Kaspersky Lab\Kaspersky Endpoint Security 10 for Windows\;C:\Program Files\Intel\Intel(R) Management Engine Components\DAL;C:\Program Files (x86)\Intel\Intel(R) Management Engine Components\DAL;C:\Program Files\Intel\Intel(R) Management Engine Components\IPT;C:\Program Files (x86)\Intel\Intel(R) Management Engine Components\IPT;C:\Program Files\Java\jdk1.7.0_60\bin;C:\apache-maven-3.0.4\bin;C:\Program Files\TortoiseSVN\bin;C:\Workspace\BS4SVN\BS4SVN-v.1.33.0\ant\bin;C:\Program Files (x86)\IBM\Client Access\Emulator;C:\Program Files (x86)\IBM\Client Access\Shared;C:\Program Files (x86)\IBM\Client Access\;C:\Program Files (x86)\GnuWin32\bin;E:\Workspace\Console_Sandbox;C:\Program Files\Google\Cloud SDK\google-cloud-sdk\bin;C:\Users\alpu1014\Desktop\curl_743_0_ssl;C:\Program Files\Google\Cloud SDK\google-cloud-sdk\bin;C:\Program Files\Google\Cloud SDK\google-cloud-sdk.staging\bin;C:\Program Files (x86)\MySQL\MySQL Fabric 1.5.4 & MySQL Utilities 1.5.4 1.5\;C:\Program Files (x86)\MySQL\MySQL Fabric 1.5.4 & MySQL Utilities 1.5.4 1.5\Doctrine extensions for PHP\;E:\gwt-2.6.1;C:\disk_d\Workspace\BS4SVN-v.1.75.0\ant\bin;C:\Program Files (x86)\Skype\Phone\;C:\disk_d\Workspace\BS4SVN-v.1.75.0\ant;C:\Program Files (x86)\Sennheiser\SoftphoneSDK\;.
03-May-2016 06:21:33.213 INFO [main] org.apache.coyote.AbstractProtocol.init Initializing ProtocolHandler ["http-nio-8080"]
03-May-2016 06:21:33.237 INFO [main] org.apache.tomcat.util.net.NioSelectorPool.getSharedSelector Using a shared selector for servlet write/read
03-May-2016 06:21:33.240 INFO [main] org.apache.coyote.AbstractProtocol.init Initializing ProtocolHandler ["ajp-nio-8009"]
03-May-2016 06:21:33.246 INFO [main] org.apache.tomcat.util.net.NioSelectorPool.getSharedSelector Using a shared selector for servlet write/read
03-May-2016 06:21:33.247 INFO [main] org.apache.catalina.startup.Catalina.load Initialization processed in 557 ms
03-May-2016 06:21:33.273 INFO [main] org.apache.catalina.core.StandardService.startInternal Starting service Catalina
03-May-2016 06:21:33.274 INFO [main] org.apache.catalina.core.StandardEngine.startInternal Starting Servlet Engine: Apache Tomcat/8.0.33
03-May-2016 06:21:33.284 INFO [localhost-startStop-1] org.apache.catalina.startup.HostConfig.deployDirectory Deploying web application directory D:\Sandbox\AirportStatus\localhost\apache-tomcat-8.0.33\webapps\ROOT
03-May-2016 06:21:33.642 INFO [localhost-startStop-1] org.apache.catalina.startup.HostConfig.deployDirectory Deployment of web application directory D:\Sandbox\AirportStatus\localhost\apache-tomcat-8.0.33\webapps\ROOT has finished in 358 ms
03-May-2016 06:21:33.645 INFO [main] org.apache.coyote.AbstractProtocol.start Starting ProtocolHandler ["http-nio-8080"]
03-May-2016 06:21:33.655 INFO [main] org.apache.coyote.AbstractProtocol.start Starting ProtocolHandler ["ajp-nio-8009"]
03-May-2016 06:21:33.658 INFO [main] org.apache.catalina.startup.Catalina.start Server startup in 410 ms
03-May-2016 06:23:38.577 INFO [main] org.apache.catalina.startup.VersionLoggerListener.log Server version:        Apache Tomcat/8.0.33
03-May-2016 06:23:38.578 INFO [main] org.apache.catalina.startup.VersionLoggerListener.log Server built:          Mar 18 2016 20:31:49 UTC
03-May-2016 06:23:38.578 INFO [main] org.apache.catalina.startup.VersionLoggerListener.log Server number:         8.0.33.0
03-May-2016 06:23:38.578 INFO [main] org.apache.catalina.startup.VersionLoggerListener.log OS Name:               Windows 7
03-May-2016 06:23:38.578 INFO [main] org.apache.catalina.startup.VersionLoggerListener.log OS Version:            6.1
03-May-2016 06:23:38.579 INFO [main] org.apache.catalina.startup.VersionLoggerListener.log Architecture:          amd64
03-May-2016 06:23:38.579 INFO [main] org.apache.catalina.startup.VersionLoggerListener.log Java Home:             C:\Program Files\Java\jdk1.7.0_60\jre
03-May-2016 06:23:38.579 INFO [main] org.apache.catalina.startup.VersionLoggerListener.log JVM Version:           1.7.0_60-b19
03-May-2016 06:23:38.579 INFO [main] org.apache.catalina.startup.VersionLoggerListener.log JVM Vendor:            Oracle Corporation
03-May-2016 06:23:38.579 INFO [main] org.apache.catalina.startup.VersionLoggerListener.log CATALINA_BASE:         D:\Sandbox\AirportStatus\localhost\apache-tomcat-8.0.33
03-May-2016 06:23:38.579 INFO [main] org.apache.catalina.startup.VersionLoggerListener.log CATALINA_HOME:         D:\Sandbox\AirportStatus\localhost\apache-tomcat-8.0.33
03-May-2016 06:23:38.580 INFO [main] org.apache.catalina.startup.VersionLoggerListener.log Command line argument: -Djava.util.logging.config.file=D:\Sandbox\AirportStatus\localhost\apache-tomcat-8.0.33\conf\logging.properties
03-May-2016 06:23:38.580 INFO [main] org.apache.catalina.startup.VersionLoggerListener.log Command line argument: -Djava.util.logging.manager=org.apache.juli.ClassLoaderLogManager
03-May-2016 06:23:38.581 INFO [main] org.apache.catalina.startup.VersionLoggerListener.log Command line argument: -Djava.endorsed.dirs=D:\Sandbox\AirportStatus\localhost\apache-tomcat-8.0.33\endorsed
03-May-2016 06:23:38.582 INFO [main] org.apache.catalina.startup.VersionLoggerListener.log Command line argument: -Dcatalina.base=D:\Sandbox\AirportStatus\localhost\apache-tomcat-8.0.33
03-May-2016 06:23:38.582 INFO [main] org.apache.catalina.startup.VersionLoggerListener.log Command line argument: -Dcatalina.home=D:\Sandbox\AirportStatus\localhost\apache-tomcat-8.0.33
03-May-2016 06:23:38.583 INFO [main] org.apache.catalina.startup.VersionLoggerListener.log Command line argument: -Djava.io.tmpdir=D:\Sandbox\AirportStatus\localhost\apache-tomcat-8.0.33\temp
03-May-2016 06:23:38.583 INFO [main] org.apache.catalina.core.AprLifecycleListener.lifecycleEvent The APR based Apache Tomcat Native library which allows optimal performance in production environments was not found on the java.library.path: C:\Program Files\Java\jdk1.7.0_60\bin;C:\Windows\Sun\Java\bin;C:\Windows\system32;C:\Windows;C:\Program Files (x86)\Intel\iCLS Client\;C:\Program Files\Intel\iCLS Client\;C:\Oracle11\product\11.2.0\client_1\bin;C:\Windows\system32;C:\Windows;C:\Windows\System32\Wbem;C:\Windows\System32\WindowsPowerShell\v1.0\;C:\Program Files\7-Zip;C:\Program Files (x86)\Kaspersky Lab\Kaspersky Endpoint Security 10 for Windows\;C:\Program Files\Intel\Intel(R) Management Engine Components\DAL;C:\Program Files (x86)\Intel\Intel(R) Management Engine Components\DAL;C:\Program Files\Intel\Intel(R) Management Engine Components\IPT;C:\Program Files (x86)\Intel\Intel(R) Management Engine Components\IPT;C:\Program Files\Java\jdk1.7.0_60\bin;C:\apache-maven-3.0.4\bin;C:\Program Files\TortoiseSVN\bin;C:\Workspace\BS4SVN\BS4SVN-v.1.33.0\ant\bin;C:\Program Files (x86)\IBM\Client Access\Emulator;C:\Program Files (x86)\IBM\Client Access\Shared;C:\Program Files (x86)\IBM\Client Access\;C:\Program Files (x86)\GnuWin32\bin;E:\Workspace\Console_Sandbox;C:\Program Files\Google\Cloud SDK\google-cloud-sdk\bin;C:\Users\alpu1014\Desktop\curl_743_0_ssl;C:\Program Files\Google\Cloud SDK\google-cloud-sdk\bin;C:\Program Files\Google\Cloud SDK\google-cloud-sdk.staging\bin;C:\Program Files (x86)\MySQL\MySQL Fabric 1.5.4 & MySQL Utilities 1.5.4 1.5\;C:\Program Files (x86)\MySQL\MySQL Fabric 1.5.4 & MySQL Utilities 1.5.4 1.5\Doctrine extensions for PHP\;E:\gwt-2.6.1;C:\disk_d\Workspace\BS4SVN-v.1.75.0\ant\bin;C:\Program Files (x86)\Skype\Phone\;C:\disk_d\Workspace\BS4SVN-v.1.75.0\ant;C:\Program Files (x86)\Sennheiser\SoftphoneSDK\;.
03-May-2016 06:23:38.716 INFO [main] org.apache.coyote.AbstractProtocol.init Initializing ProtocolHandler ["http-nio-8080"]
03-May-2016 06:23:38.746 INFO [main] org.apache.tomcat.util.net.NioSelectorPool.getSharedSelector Using a shared selector for servlet write/read
03-May-2016 06:23:38.750 INFO [main] org.apache.coyote.AbstractProtocol.init Initializing ProtocolHandler ["ajp-nio-8009"]
03-May-2016 06:23:38.757 INFO [main] org.apache.tomcat.util.net.NioSelectorPool.getSharedSelector Using a shared selector for servlet write/read
03-May-2016 06:23:38.759 INFO [main] org.apache.catalina.startup.Catalina.load Initialization processed in 591 ms
03-May-2016 06:23:38.787 INFO [main] org.apache.catalina.core.StandardService.startInternal Starting service Catalina
03-May-2016 06:23:38.787 INFO [main] org.apache.catalina.core.StandardEngine.startInternal Starting Servlet Engine: Apache Tomcat/8.0.33
03-May-2016 06:23:38.800 INFO [localhost-startStop-1] org.apache.catalina.startup.HostConfig.deployDirectory Deploying web application directory D:\Sandbox\AirportStatus\localhost\apache-tomcat-8.0.33\webapps\ROOT
03-May-2016 06:23:39.199 INFO [localhost-startStop-1] org.apache.catalina.startup.HostConfig.deployDirectory Deployment of web application directory D:\Sandbox\AirportStatus\localhost\apache-tomcat-8.0.33\webapps\ROOT has finished in 398 ms
03-May-2016 06:23:39.202 INFO [main] org.apache.coyote.AbstractProtocol.start Starting ProtocolHandler ["http-nio-8080"]
03-May-2016 06:23:39.215 INFO [main] org.apache.coyote.AbstractProtocol.start Starting ProtocolHandler ["ajp-nio-8009"]
03-May-2016 06:23:39.219 INFO [main] org.apache.catalina.startup.Catalina.start Server startup in 459 ms
03-May-2016 06:24:11.191 INFO [main] org.apache.catalina.startup.VersionLoggerListener.log Server version:        Apache Tomcat/8.0.33
03-May-2016 06:24:11.193 INFO [main] org.apache.catalina.startup.VersionLoggerListener.log Server built:          Mar 18 2016 20:31:49 UTC
03-May-2016 06:24:11.193 INFO [main] org.apache.catalina.startup.VersionLoggerListener.log Server number:         8.0.33.0
03-May-2016 06:24:11.193 INFO [main] org.apache.catalina.startup.VersionLoggerListener.log OS Name:               Windows 7
03-May-2016 06:24:11.193 INFO [main] org.apache.catalina.startup.VersionLoggerListener.log OS Version:            6.1
03-May-2016 06:24:11.193 INFO [main] org.apache.catalina.startup.VersionLoggerListener.log Architecture:          amd64
03-May-2016 06:24:11.194 INFO [main] org.apache.catalina.startup.VersionLoggerListener.log Java Home:             C:\Program Files\Java\jdk1.7.0_60\jre
03-May-2016 06:24:11.194 INFO [main] org.apache.catalina.startup.VersionLoggerListener.log JVM Version:           1.7.0_60-b19
03-May-2016 06:24:11.194 INFO [main] org.apache.catalina.startup.VersionLoggerListener.log JVM Vendor:            Oracle Corporation
03-May-2016 06:24:11.194 INFO [main] org.apache.catalina.startup.VersionLoggerListener.log CATALINA_BASE:         D:\Sandbox\AirportStatus\localhost\apache-tomcat-8.0.33
03-May-2016 06:24:11.194 INFO [main] org.apache.catalina.startup.VersionLoggerListener.log CATALINA_HOME:         D:\Sandbox\AirportStatus\localhost\apache-tomcat-8.0.33
03-May-2016 06:24:11.195 INFO [main] org.apache.catalina.startup.VersionLoggerListener.log Command line argument: -Djava.util.logging.config.file=D:\Sandbox\AirportStatus\localhost\apache-tomcat-8.0.33\conf\logging.properties
03-May-2016 06:24:11.195 INFO [main] org.apache.catalina.startup.VersionLoggerListener.log Command line argument: -Djava.util.logging.manager=org.apache.juli.ClassLoaderLogManager
03-May-2016 06:24:11.196 INFO [main] org.apache.catalina.startup.VersionLoggerListener.log Command line argument: -Djava.endorsed.dirs=D:\Sandbox\AirportStatus\localhost\apache-tomcat-8.0.33\endorsed
03-May-2016 06:24:11.196 INFO [main] org.apache.catalina.startup.VersionLoggerListener.log Command line argument: -Dcatalina.base=D:\Sandbox\AirportStatus\localhost\apache-tomcat-8.0.33
03-May-2016 06:24:11.196 INFO [main] org.apache.catalina.startup.VersionLoggerListener.log Command line argument: -Dcatalina.home=D:\Sandbox\AirportStatus\localhost\apache-tomcat-8.0.33
03-May-2016 06:24:11.196 INFO [main] org.apache.catalina.startup.VersionLoggerListener.log Command line argument: -Djava.io.tmpdir=D:\Sandbox\AirportStatus\localhost\apache-tomcat-8.0.33\temp
03-May-2016 06:24:11.197 INFO [main] org.apache.catalina.core.AprLifecycleListener.lifecycleEvent The APR based Apache Tomcat Native library which allows optimal performance in production environments was not found on the java.library.path: C:\Program Files\Java\jdk1.7.0_60\bin;C:\Windows\Sun\Java\bin;C:\Windows\system32;C:\Windows;C:\Program Files (x86)\Intel\iCLS Client\;C:\Program Files\Intel\iCLS Client\;C:\Oracle11\product\11.2.0\client_1\bin;C:\Windows\system32;C:\Windows;C:\Windows\System32\Wbem;C:\Windows\System32\WindowsPowerShell\v1.0\;C:\Program Files\7-Zip;C:\Program Files (x86)\Kaspersky Lab\Kaspersky Endpoint Security 10 for Windows\;C:\Program Files\Intel\Intel(R) Management Engine Components\DAL;C:\Program Files (x86)\Intel\Intel(R) Management Engine Components\DAL;C:\Program Files\Intel\Intel(R) Management Engine Components\IPT;C:\Program Files (x86)\Intel\Intel(R) Management Engine Components\IPT;C:\Program Files\Java\jdk1.7.0_60\bin;C:\apache-maven-3.0.4\bin;C:\Program Files\TortoiseSVN\bin;C:\Workspace\BS4SVN\BS4SVN-v.1.33.0\ant\bin;C:\Program Files (x86)\IBM\Client Access\Emulator;C:\Program Files (x86)\IBM\Client Access\Shared;C:\Program Files (x86)\IBM\Client Access\;C:\Program Files (x86)\GnuWin32\bin;E:\Workspace\Console_Sandbox;C:\Program Files\Google\Cloud SDK\google-cloud-sdk\bin;C:\Users\alpu1014\Desktop\curl_743_0_ssl;C:\Program Files\Google\Cloud SDK\google-cloud-sdk\bin;C:\Program Files\Google\Cloud SDK\google-cloud-sdk.staging\bin;C:\Program Files (x86)\MySQL\MySQL Fabric 1.5.4 & MySQL Utilities 1.5.4 1.5\;C:\Program Files (x86)\MySQL\MySQL Fabric 1.5.4 & MySQL Utilities 1.5.4 1.5\Doctrine extensions for PHP\;E:\gwt-2.6.1;C:\disk_d\Workspace\BS4SVN-v.1.75.0\ant\bin;C:\Program Files (x86)\Skype\Phone\;C:\disk_d\Workspace\BS4SVN-v.1.75.0\ant;C:\Program Files (x86)\Sennheiser\SoftphoneSDK\;.
03-May-2016 06:24:11.332 INFO [main] org.apache.coyote.AbstractProtocol.init Initializing ProtocolHandler ["http-nio-8080"]
03-May-2016 06:24:11.363 INFO [main] org.apache.tomcat.util.net.NioSelectorPool.getSharedSelector Using a shared selector for servlet write/read
03-May-2016 06:24:11.367 INFO [main] org.apache.coyote.AbstractProtocol.init Initializing ProtocolHandler ["ajp-nio-8009"]
03-May-2016 06:24:11.373 INFO [main] org.apache.tomcat.util.net.NioSelectorPool.getSharedSelector Using a shared selector for servlet write/read
03-May-2016 06:24:11.375 INFO [main] org.apache.catalina.startup.Catalina.load Initialization processed in 594 ms
03-May-2016 06:24:11.406 INFO [main] org.apache.catalina.core.StandardService.startInternal Starting service Catalina
03-May-2016 06:24:11.407 INFO [main] org.apache.catalina.core.StandardEngine.startInternal Starting Servlet Engine: Apache Tomcat/8.0.33
03-May-2016 06:24:11.418 INFO [localhost-startStop-1] org.apache.catalina.startup.HostConfig.deployDirectory Deploying web application directory D:\Sandbox\AirportStatus\localhost\apache-tomcat-8.0.33\webapps\ROOT
03-May-2016 06:24:11.772 INFO [localhost-startStop-1] org.apache.catalina.startup.HostConfig.deployDirectory Deployment of web application directory D:\Sandbox\AirportStatus\localhost\apache-tomcat-8.0.33\webapps\ROOT has finished in 353 ms
03-May-2016 06:24:11.775 INFO [main] org.apache.coyote.AbstractProtocol.start Starting ProtocolHandler ["http-nio-8080"]
03-May-2016 06:24:11.785 INFO [main] org.apache.coyote.AbstractProtocol.start Starting ProtocolHandler ["ajp-nio-8009"]
03-May-2016 06:24:11.788 INFO [main] org.apache.catalina.startup.Catalina.start Server startup in 413 ms
